<?xml version="1.0" encoding="UTF-8"?>
<!-- Generated by org.testng.reporters.JUnitXMLReporter -->
<testsuite ignored="0" hostname="DESKTOP-GFV7A1T" failures="0" tests="1" name="BankingApp Test" time="1.397" errors="0" timestamp="2022-09-28T14:00:22 HST">
  <testcase classname="com.inetbanking.TestCases.BaseClass" name="@BeforeClass setup" time="0.032">
    <failure type="java.lang.Error" message="Unresolved compilation problems: 
	Type mismatch: cannot convert from ChromeDriver to String
	Type mismatch: cannot convert from FirefoxDriver to String
	Type mismatch: cannot convert from InternetExplorerDriver to String
	The method manage() is undefined for the type String
	The method get(String) is undefined for the type String
">
      <![CDATA[java.lang.Error: Unresolved compilation problems: 
Type mismatch: cannot convert from ChromeDriver to String
Type mismatch: cannot convert from FirefoxDriver to String
Type mismatch: cannot convert from InternetExplorerDriver to String
The method manage() is undefined for the type String
The method get(String) is undefined for the type String

at com.inetbanking.TestCases.BaseClass.setup(BaseClass.java:53)
at java.base/java.util.ArrayList.forEach(ArrayList.java:1511)
... Removed 23 stack frames]]>
    </failure>
  </testcase> <!-- @BeforeClass setup -->
  <testcase classname="com.inetbanking.TestCases.BaseClass" name="@AfterClass teardown" time="-1.66440962174E9">
    <skipped/>
  </testcase> <!-- @AfterClass teardown -->
  <testcase classname="com.inetbanking.TestCases.TC_NewAccountTest_005" name="CreateNewAccount" time="0.0">
    <skipped/>
  </testcase> <!-- CreateNewAccount -->
</testsuite> <!-- BankingApp Test -->
