<?xml version="1.0" encoding="UTF-8"?>
<!-- Generated by org.testng.reporters.JUnitXMLReporter -->
<testsuite ignored="0" hostname="DESKTOP-GFV7A1T" failures="1" tests="1" name="Test" time="105.624" errors="0" timestamp="2022-08-28T21:08:51 HST">
  <testcase classname="com.inetbanking.TestCases.TC_LoginTest_001" name="loginTest" time="0.378">
    <failure type="java.lang.NoSuchMethodError" message="&amp;apos;void org.openqa.selenium.support.PageFactory.initElements(org.openqa.selenium.WebDriver, java.lang.Object)&amp;apos;">
      <![CDATA[java.lang.NoSuchMethodError: 'void org.openqa.selenium.support.PageFactory.initElements(org.openqa.selenium.WebDriver, java.lang.Object)'
at com.inetbanking.PageObject.loginPage.<init>(loginPage.java:18)
at com.inetbanking.TestCases.TC_LoginTest_001.loginTest(TC_LoginTest_001.java:25)
at java.base/java.util.ArrayList.forEach(ArrayList.java:1511)
... Removed 25 stack frames]]>
    </failure>
  </testcase> <!-- loginTest -->
</testsuite> <!-- Test -->
