<?xml version="1.0" encoding="UTF-8"?>
<!-- Generated by org.testng.reporters.JUnitXMLReporter -->
<testsuite ignored="0" hostname="DESKTOP-GFV7A1T" failures="0" tests="2" name="BankingApp Test(failed)" time="215.062" errors="0" timestamp="2022-08-31T16:33:58 HST">
  <testcase classname="com.inetbanking.TestCases.TC_LoginDDT_002" name="loginDDT" time="78.804"/>
  <testcase classname="com.inetbanking.TestCases.TC_LoginDDT_002" name="loginDDT" time="77.058"/>
</testsuite> <!-- BankingApp Test(failed) -->
