<?xml version="1.0" encoding="UTF-8"?>
<!-- Generated by org.testng.reporters.JUnitReportReporter -->
<testsuite hostname="DESKTOP-GFV7A1T" failures="0" tests="2" name="com.inetbanking.TestCases.TC_NewAccountTest_005" time="0.032" errors="1" timestamp="2022-09-28T14:00:23 HST" skipped="1">
  <testcase classname="com.inetbanking.TestCases.TC_NewAccountTest_005" name="CreateNewAccount" time="0.000">
    <skipped/>
  </testcase> <!-- CreateNewAccount -->
  <system-out/>
  <testcase classname="com.inetbanking.TestCases.TC_NewAccountTest_005" name="setup" time="0.032">
    <error message="Unresolved compilation problems: 
	Type mismatch: cannot convert from ChromeDriver to String
	Type mismatch: cannot convert from FirefoxDriver to String
	Type mismatch: cannot convert from InternetExplorerDriver to String
	The method manage() is undefined for the type String
	The method get(String) is undefined for the type String
" type="java.lang.Error">
      <![CDATA[java.lang.Error: Unresolved compilation problems: 
Type mismatch: cannot convert from ChromeDriver to String
Type mismatch: cannot convert from FirefoxDriver to String
Type mismatch: cannot convert from InternetExplorerDriver to String
The method manage() is undefined for the type String
The method get(String) is undefined for the type String

at com.inetbanking.TestCases.BaseClass.setup(BaseClass.java:53)
at java.base/jdk.internal.reflect.DirectMethodHandleAccessor.invoke(DirectMethodHandleAccessor.java:104)
at java.base/java.lang.reflect.Method.invoke(Method.java:577)
at org.testng.internal.MethodInvocationHelper.invokeMethod(MethodInvocationHelper.java:133)
at org.testng.internal.MethodInvocationHelper.invokeMethodConsideringTimeout(MethodInvocationHelper.java:62)
at org.testng.internal.ConfigInvoker.invokeConfigurationMethod(ConfigInvoker.java:385)
at org.testng.internal.ConfigInvoker.invokeConfigurations(ConfigInvoker.java:321)
at org.testng.internal.TestMethodWorker.invokeBeforeClassMethods(TestMethodWorker.java:176)
at org.testng.internal.TestMethodWorker.run(TestMethodWorker.java:122)
at java.base/java.util.ArrayList.forEach(ArrayList.java:1511)
at org.testng.TestRunner.privateRun(TestRunner.java:794)
at org.testng.TestRunner.run(TestRunner.java:596)
at org.testng.SuiteRunner.runTest(SuiteRunner.java:377)
at org.testng.SuiteRunner.runSequentially(SuiteRunner.java:371)
at org.testng.SuiteRunner.privateRun(SuiteRunner.java:332)
at org.testng.SuiteRunner.run(SuiteRunner.java:276)
at org.testng.SuiteRunnerWorker.runSuite(SuiteRunnerWorker.java:53)
at org.testng.SuiteRunnerWorker.run(SuiteRunnerWorker.java:96)
at org.testng.TestNG.runSuitesSequentially(TestNG.java:1212)
at org.testng.TestNG.runSuitesLocally(TestNG.java:1134)
at org.testng.TestNG.runSuites(TestNG.java:1063)
at org.testng.TestNG.run(TestNG.java:1031)
at org.testng.remote.AbstractRemoteTestNG.run(AbstractRemoteTestNG.java:115)
at org.testng.remote.RemoteTestNG.initAndRun(RemoteTestNG.java:251)
at org.testng.remote.RemoteTestNG.main(RemoteTestNG.java:77)
]]>
    </error>
  </testcase> <!-- setup -->
  <system-out/>
</testsuite> <!-- com.inetbanking.TestCases.TC_NewAccountTest_005 -->
