<?xml version="1.0" encoding="UTF-8"?>
<!-- Generated by org.testng.reporters.JUnitReportReporter -->
<testsuite hostname="DESKTOP-GFV7A1T" failures="0" tests="2" name="com.inetbanking.TestCases.TC_LoginDDT_002" time="155.862" errors="0" timestamp="2022-08-31T16:33:59 HST" skipped="0">
  <testcase classname="com.inetbanking.TestCases.TC_LoginDDT_002" name="loginDDT" time="77.058"/>
  <system-out/>
  <testcase classname="com.inetbanking.TestCases.TC_LoginDDT_002" name="loginDDT" time="78.804"/>
  <system-out/>
</testsuite> <!-- com.inetbanking.TestCases.TC_LoginDDT_002 -->
